[2023-12-27 07:47:30Z INFO HostContext] No proxy settings were found based on environmental variables (http_proxy/https_proxy/HTTP_PROXY/HTTPS_PROXY)
[2023-12-27 07:47:30Z INFO HostContext] Well known directory 'Bin': '/Users/palak/Documents/Lalit/testProject/actions-runner/bin'
[2023-12-27 07:47:30Z INFO HostContext] Well known directory 'Root': '/Users/palak/Documents/Lalit/testProject/actions-runner'
[2023-12-27 07:47:30Z INFO HostContext] Well known config file 'Credentials': '/Users/palak/Documents/Lalit/testProject/actions-runner/.credentials'
[2023-12-27 07:47:30Z INFO HostContext] Well known directory 'Bin': '/Users/palak/Documents/Lalit/testProject/actions-runner/bin'
[2023-12-27 07:47:30Z INFO HostContext] Well known directory 'Root': '/Users/palak/Documents/Lalit/testProject/actions-runner'
[2023-12-27 07:47:30Z INFO HostContext] Well known config file 'Runner': '/Users/palak/Documents/Lalit/testProject/actions-runner/.runner'
[2023-12-27 07:47:30Z INFO Listener] Runner is built for OSX (X64) - osx-x64.
[2023-12-27 07:47:30Z INFO Listener] RuntimeInformation: Darwin 22.4.0 Darwin Kernel Version 22.4.0: Mon Mar  6 21:00:17 PST 2023; root:xnu-8796.101.5~3/RELEASE_X86_64.
[2023-12-27 07:47:30Z INFO Listener] Version: 2.311.0
[2023-12-27 07:47:30Z INFO Listener] Commit: f5cff308c83746dddd726a9a28a1583872305aaa
[2023-12-27 07:47:30Z INFO Listener] Culture: en-US
[2023-12-27 07:47:30Z INFO Listener] UI Culture: en-US
[2023-12-27 07:47:30Z INFO HostContext] Well known directory 'Bin': '/Users/palak/Documents/Lalit/testProject/actions-runner/bin'
[2023-12-27 07:47:30Z INFO HostContext] Well known directory 'Root': '/Users/palak/Documents/Lalit/testProject/actions-runner'
[2023-12-27 07:47:30Z INFO Listener] Validating directory permissions for: '/Users/palak/Documents/Lalit/testProject/actions-runner'
[2023-12-27 07:47:30Z INFO CommandLineParser] Parse
[2023-12-27 07:47:30Z INFO CommandLineParser] Parsing 1 args
[2023-12-27 07:47:30Z INFO CommandLineParser] parsing argument
[2023-12-27 07:47:30Z INFO CommandLineParser] HasArgs: False
[2023-12-27 07:47:30Z INFO CommandLineParser] Adding Command: run
[2023-12-27 07:47:30Z INFO Listener] Arguments parsed
[2023-12-27 07:47:30Z INFO Runner] ExecuteCommand
[2023-12-27 07:47:30Z INFO ConfigurationStore] currentAssemblyLocation: /Users/palak/Documents/Lalit/testProject/actions-runner/bin/Runner.Listener.dll
[2023-12-27 07:47:30Z INFO HostContext] Well known directory 'Bin': '/Users/palak/Documents/Lalit/testProject/actions-runner/bin'
[2023-12-27 07:47:30Z INFO ConfigurationStore] binPath: /Users/palak/Documents/Lalit/testProject/actions-runner/bin
[2023-12-27 07:47:30Z INFO HostContext] Well known directory 'Bin': '/Users/palak/Documents/Lalit/testProject/actions-runner/bin'
[2023-12-27 07:47:30Z INFO HostContext] Well known directory 'Root': '/Users/palak/Documents/Lalit/testProject/actions-runner'
[2023-12-27 07:47:30Z INFO ConfigurationStore] RootFolder: /Users/palak/Documents/Lalit/testProject/actions-runner
[2023-12-27 07:47:30Z INFO HostContext] Well known directory 'Bin': '/Users/palak/Documents/Lalit/testProject/actions-runner/bin'
[2023-12-27 07:47:30Z INFO HostContext] Well known directory 'Root': '/Users/palak/Documents/Lalit/testProject/actions-runner'
[2023-12-27 07:47:30Z INFO HostContext] Well known config file 'Runner': '/Users/palak/Documents/Lalit/testProject/actions-runner/.runner'
[2023-12-27 07:47:30Z INFO ConfigurationStore] ConfigFilePath: /Users/palak/Documents/Lalit/testProject/actions-runner/.runner
[2023-12-27 07:47:30Z INFO HostContext] Well known directory 'Bin': '/Users/palak/Documents/Lalit/testProject/actions-runner/bin'
[2023-12-27 07:47:30Z INFO HostContext] Well known directory 'Root': '/Users/palak/Documents/Lalit/testProject/actions-runner'
[2023-12-27 07:47:30Z INFO HostContext] Well known config file 'Credentials': '/Users/palak/Documents/Lalit/testProject/actions-runner/.credentials'
[2023-12-27 07:47:30Z INFO ConfigurationStore] CredFilePath: /Users/palak/Documents/Lalit/testProject/actions-runner/.credentials
[2023-12-27 07:47:30Z INFO HostContext] Well known directory 'Bin': '/Users/palak/Documents/Lalit/testProject/actions-runner/bin'
[2023-12-27 07:47:30Z INFO HostContext] Well known directory 'Root': '/Users/palak/Documents/Lalit/testProject/actions-runner'
[2023-12-27 07:47:30Z INFO HostContext] Well known config file 'MigratedCredentials': '/Users/palak/Documents/Lalit/testProject/actions-runner/.credentials_migrated'
[2023-12-27 07:47:30Z INFO ConfigurationStore] MigratedCredFilePath: /Users/palak/Documents/Lalit/testProject/actions-runner/.credentials_migrated
[2023-12-27 07:47:30Z INFO HostContext] Well known directory 'Bin': '/Users/palak/Documents/Lalit/testProject/actions-runner/bin'
[2023-12-27 07:47:30Z INFO HostContext] Well known directory 'Root': '/Users/palak/Documents/Lalit/testProject/actions-runner'
[2023-12-27 07:47:30Z INFO HostContext] Well known config file 'Service': '/Users/palak/Documents/Lalit/testProject/actions-runner/.service'
[2023-12-27 07:47:30Z INFO ConfigurationStore] ServiceConfigFilePath: /Users/palak/Documents/Lalit/testProject/actions-runner/.service
[2023-12-27 07:47:30Z INFO CommandSettings] Flag 'help': 'False'
[2023-12-27 07:47:30Z INFO CommandSettings] Flag 'version': 'False'
[2023-12-27 07:47:30Z INFO CommandSettings] Flag 'commit': 'False'
[2023-12-27 07:47:30Z INFO CommandSettings] Flag 'check': 'False'
[2023-12-27 07:47:30Z INFO CommandSettings] Command 'configure': 'False'
[2023-12-27 07:47:30Z INFO CommandSettings] Command 'remove': 'False'
[2023-12-27 07:47:30Z INFO CommandSettings] Command 'warmup': 'False'
[2023-12-27 07:47:30Z INFO ConfigurationManager] LoadSettings
[2023-12-27 07:47:30Z INFO ConfigurationStore] IsConfigured()
[2023-12-27 07:47:30Z INFO ConfigurationStore] IsConfigured: True
[2023-12-27 07:47:30Z INFO ConfigurationManager] Is configured: True
[2023-12-27 07:47:30Z INFO ConfigurationStore] Read setting file: 303 chars
[2023-12-27 07:47:30Z INFO ConfigurationManager] Settings Loaded
[2023-12-27 07:47:30Z INFO ConfigurationStore] IsServiceConfigured()
[2023-12-27 07:47:30Z INFO ConfigurationStore] IsServiceConfigured: False
[2023-12-27 07:47:30Z INFO CommandSettings] Command 'run': 'True'
[2023-12-27 07:47:30Z INFO ConfigurationStore] IsConfigured()
[2023-12-27 07:47:30Z INFO ConfigurationStore] IsConfigured: True
[2023-12-27 07:47:30Z INFO ConfigurationManager] Is configured: True
[2023-12-27 07:47:30Z INFO Runner] Could not parse the argument value '' for StartupType. Defaulting to Manual
[2023-12-27 07:47:30Z INFO Runner] Set runner startup type - Manual
[2023-12-27 07:47:30Z INFO CommandSettings] Flag 'once': 'False'
[2023-12-27 07:47:30Z INFO CommandSettings] Flag 'once': 'False'
[2023-12-27 07:47:30Z INFO Runner] RunAsync
[2023-12-27 07:47:31Z INFO ConfigurationManager] LoadSettings
[2023-12-27 07:47:31Z INFO ConfigurationStore] IsConfigured()
[2023-12-27 07:47:31Z INFO ConfigurationStore] IsConfigured: True
[2023-12-27 07:47:31Z INFO ConfigurationManager] Is configured: True
[2023-12-27 07:47:31Z INFO ConfigurationManager] Settings Loaded
[2023-12-27 07:47:31Z INFO MessageListener] {
  "AgentId": 2,
  "AgentName": "DWSs-MacBook-Pro",
  "PoolId": 1,
  "PoolName": "Default",
  "ServerUrl": "https://pipelinesghubeus14.actions.githubusercontent.com/S7366AQF8SMN835zCeJq9oNYDSOp2OHC6tAUa9DFyCWQkk0RMk/",
  "GitHubUrl": "https://github.com/LalitDWS/testProject",
  "WorkFolder": "_work"
}
[2023-12-27 07:47:31Z INFO MessageListener] Loading Credentials
[2023-12-27 07:47:31Z INFO ConfigurationStore] HasCredentials()
[2023-12-27 07:47:31Z INFO ConfigurationStore] stored True
[2023-12-27 07:47:31Z INFO CredentialManager] GetCredentialProvider
[2023-12-27 07:47:31Z INFO CredentialManager] Creating type OAuth
[2023-12-27 07:47:31Z INFO CredentialManager] Creating credential type: OAuth
[2023-12-27 07:47:31Z INFO HostContext] Well known directory 'Bin': '/Users/palak/Documents/Lalit/testProject/actions-runner/bin'
[2023-12-27 07:47:31Z INFO HostContext] Well known directory 'Root': '/Users/palak/Documents/Lalit/testProject/actions-runner'
[2023-12-27 07:47:31Z INFO HostContext] Well known config file 'RSACredentials': '/Users/palak/Documents/Lalit/testProject/actions-runner/.credentials_rsaparams'
[2023-12-27 07:47:31Z INFO RSAFileKeyManager] Loading RSA key parameters from file /Users/palak/Documents/Lalit/testProject/actions-runner/.credentials_rsaparams
[2023-12-27 07:47:31Z INFO MessageListener] Attempt to create session.
[2023-12-27 07:47:31Z INFO MessageListener] Connecting to the Runner Server...
[2023-12-27 07:47:31Z INFO RunnerServer] EstablishVssConnection
[2023-12-27 07:47:31Z INFO RunnerServer] Establish connection with 100 seconds timeout.
[2023-12-27 07:47:31Z INFO GitHubActionsService] Starting operation Location.GetConnectionData
[2023-12-27 07:47:31Z INFO RunnerServer] EstablishVssConnection
[2023-12-27 07:47:31Z INFO RunnerServer] Establish connection with 60 seconds timeout.
[2023-12-27 07:47:31Z INFO GitHubActionsService] Starting operation Location.GetConnectionData
[2023-12-27 07:47:31Z INFO RunnerServer] EstablishVssConnection
[2023-12-27 07:47:31Z INFO RunnerServer] Establish connection with 60 seconds timeout.
[2023-12-27 07:47:31Z INFO GitHubActionsService] Starting operation Location.GetConnectionData
[2023-12-27 07:47:32Z INFO GitHubActionsService] Finished operation Location.GetConnectionData
[2023-12-27 07:47:32Z INFO GitHubActionsService] Finished operation Location.GetConnectionData
[2023-12-27 07:47:32Z INFO GitHubActionsService] Finished operation Location.GetConnectionData
[2023-12-27 07:47:32Z INFO MessageListener] VssConnection created
[2023-12-27 07:47:32Z INFO Terminal] WRITE LINE: 
[2023-12-27 07:47:32Z INFO Terminal] WRITE LINE: 
[2023-12-27 07:47:32Z INFO RSAFileKeyManager] Loading RSA key parameters from file /Users/palak/Documents/Lalit/testProject/actions-runner/.credentials_rsaparams
[2023-12-27 07:47:32Z INFO RSAFileKeyManager] Loading RSA key parameters from file /Users/palak/Documents/Lalit/testProject/actions-runner/.credentials_rsaparams
[2023-12-27 07:47:33Z INFO GitHubActionsService] AAD Correlation ID for this token request: Unknown
[2023-12-27 07:47:33Z INFO MessageListener] Session created.
[2023-12-27 07:47:33Z INFO Terminal] WRITE LINE: Current runner version: '2.311.0'
[2023-12-27 07:47:33Z INFO Terminal] WRITE LINE: 2023-12-27 07:47:33Z: Listening for Jobs
[2023-12-27 07:47:33Z INFO JobDispatcher] Set runner/worker IPC timeout to 30 seconds.
[2023-12-27 08:17:45Z INFO MessageListener] No message retrieved from session 'e259266c-c62b-4047-a291-dfabfd0c40ac' within last 30 minutes.
[2023-12-27 08:42:57Z INFO RSAFileKeyManager] Loading RSA key parameters from file /Users/palak/Documents/Lalit/testProject/actions-runner/.credentials_rsaparams
[2023-12-27 08:42:57Z INFO GitHubActionsService] AAD Correlation ID for this token request: Unknown
